2014/09/07 17:05:30 [error] [exception.CDbException] exception 'CDbException' with message 'CDbConnection failed to open the DB connection: SQLSTATE[42000] [1049] Unknown database 'blogs'' in C:\OpenServer\domains\blogs.org\www\protected\vendor\yiisoft\yii\framework\db\CDbConnection.php:382
Stack trace:
#0 C:\OpenServer\domains\blogs.org\www\protected\vendor\yiisoft\yii\framework\db\CDbConnection.php(330): CDbConnection->open()
#1 C:\OpenServer\domains\blogs.org\www\protected\vendor\yiisoft\yii\framework\db\CDbConnection.php(308): CDbConnection->setActive(true)
#2 C:\OpenServer\domains\blogs.org\www\protected\vendor\yiisoft\yii\framework\base\CModule.php(387): CDbConnection->init()
#3 C:\OpenServer\domains\blogs.org\www\protected\vendor\yiisoft\yii\framework\base\CApplication.php(450): CModule->getComponent('db')
#4 C:\OpenServer\domains\blogs.org\www\protected\vendor\yiisoft\yii\framework\db\ar\CActiveRecord.php(634): CApplication->getDb()
#5 C:\OpenServer\domains\blogs.org\www\protected\vendor\yiisoft\yii\framework\db\ar\CActiveRecord.php(667): CActiveRecord->getDbConnection()
#6 C:\OpenServer\domains\blogs.org\www\protected\vendor\yiisoft\yii\framework\db\ar\CActiveRecord.php(1469): CActiveRecord->getCommandBuilder()
#7 C:\OpenServer\domains\blogs.org\protected\controllers\API\ArticlesController.php(15): CActiveRecord->findAll('is_published=1')
#8 C:\OpenServer\domains\blogs.org\www\protected\vendor\yiisoft\yii\framework\web\actions\CInlineAction.php(49): ArticlesController->actionIndex()
#9 C:\OpenServer\domains\blogs.org\www\protected\vendor\yiisoft\yii\framework\web\CController.php(308): CInlineAction->runWithParams(Array)
#10 C:\OpenServer\domains\blogs.org\www\protected\vendor\yiisoft\yii\framework\web\CController.php(286): CController->runAction(Object(CInlineAction))
#11 C:\OpenServer\domains\blogs.org\www\protected\vendor\yiisoft\yii\framework\web\CController.php(265): CController->runActionWithFilters(Object(CInlineAction), Array)
#12 C:\OpenServer\domains\blogs.org\www\protected\vendor\yiisoft\yii\framework\web\CWebApplication.php(282): CController->run('')
#13 C:\OpenServer\domains\blogs.org\www\protected\vendor\yiisoft\yii\framework\web\CWebApplication.php(141): CWebApplication->runController('api/articles')
#14 C:\OpenServer\domains\blogs.org\www\protected\vendor\yiisoft\yii\framework\base\CApplication.php(180): CWebApplication->processRequest()
#15 C:\OpenServer\domains\blogs.org\index.php(13): CApplication->run()
#16 {main}
REQUEST_URI=/api/articles/
HTTP_REFERER=http://blogs.org/site/angular
---
2014/09/07 17:05:54 [error] [exception.CDbException] exception 'CDbException' with message 'CDbConnection failed to open the DB connection: SQLSTATE[42000] [1049] Unknown database 'blogs'' in C:\OpenServer\domains\blogs.org\www\protected\vendor\yiisoft\yii\framework\db\CDbConnection.php:382
Stack trace:
#0 C:\OpenServer\domains\blogs.org\www\protected\vendor\yiisoft\yii\framework\db\CDbConnection.php(330): CDbConnection->open()
#1 C:\OpenServer\domains\blogs.org\www\protected\vendor\yiisoft\yii\framework\db\CDbConnection.php(308): CDbConnection->setActive(true)
#2 C:\OpenServer\domains\blogs.org\www\protected\vendor\yiisoft\yii\framework\base\CModule.php(387): CDbConnection->init()
#3 C:\OpenServer\domains\blogs.org\www\protected\vendor\yiisoft\yii\framework\base\CApplication.php(450): CModule->getComponent('db')
#4 C:\OpenServer\domains\blogs.org\www\protected\vendor\yiisoft\yii\framework\db\ar\CActiveRecord.php(634): CApplication->getDb()
#5 C:\OpenServer\domains\blogs.org\www\protected\vendor\yiisoft\yii\framework\db\ar\CActiveRecord.php(667): CActiveRecord->getDbConnection()
#6 C:\OpenServer\domains\blogs.org\www\protected\vendor\yiisoft\yii\framework\db\ar\CActiveRecord.php(1469): CActiveRecord->getCommandBuilder()
#7 C:\OpenServer\domains\blogs.org\protected\controllers\API\ArticlesController.php(15): CActiveRecord->findAll('is_published=1')
#8 C:\OpenServer\domains\blogs.org\www\protected\vendor\yiisoft\yii\framework\web\actions\CInlineAction.php(49): ArticlesController->actionIndex()
#9 C:\OpenServer\domains\blogs.org\www\protected\vendor\yiisoft\yii\framework\web\CController.php(308): CInlineAction->runWithParams(Array)
#10 C:\OpenServer\domains\blogs.org\www\protected\vendor\yiisoft\yii\framework\web\CController.php(286): CController->runAction(Object(CInlineAction))
#11 C:\OpenServer\domains\blogs.org\www\protected\vendor\yiisoft\yii\framework\web\CController.php(265): CController->runActionWithFilters(Object(CInlineAction), Array)
#12 C:\OpenServer\domains\blogs.org\www\protected\vendor\yiisoft\yii\framework\web\CWebApplication.php(282): CController->run('')
#13 C:\OpenServer\domains\blogs.org\www\protected\vendor\yiisoft\yii\framework\web\CWebApplication.php(141): CWebApplication->runController('api/articles')
#14 C:\OpenServer\domains\blogs.org\www\protected\vendor\yiisoft\yii\framework\base\CApplication.php(180): CWebApplication->processRequest()
#15 C:\OpenServer\domains\blogs.org\index.php(13): CApplication->run()
#16 {main}
REQUEST_URI=/api/articles/
HTTP_REFERER=http://blogs.org/site/angular
---
2014/09/07 17:05:56 [error] [exception.CDbException] exception 'CDbException' with message 'CDbConnection failed to open the DB connection: SQLSTATE[42000] [1049] Unknown database 'blogs'' in C:\OpenServer\domains\blogs.org\www\protected\vendor\yiisoft\yii\framework\db\CDbConnection.php:382
Stack trace:
#0 C:\OpenServer\domains\blogs.org\www\protected\vendor\yiisoft\yii\framework\db\CDbConnection.php(330): CDbConnection->open()
#1 C:\OpenServer\domains\blogs.org\www\protected\vendor\yiisoft\yii\framework\db\CDbConnection.php(308): CDbConnection->setActive(true)
#2 C:\OpenServer\domains\blogs.org\www\protected\vendor\yiisoft\yii\framework\base\CModule.php(387): CDbConnection->init()
#3 C:\OpenServer\domains\blogs.org\www\protected\vendor\yiisoft\yii\framework\base\CApplication.php(450): CModule->getComponent('db')
#4 C:\OpenServer\domains\blogs.org\www\protected\vendor\yiisoft\yii\framework\db\ar\CActiveRecord.php(634): CApplication->getDb()
#5 C:\OpenServer\domains\blogs.org\www\protected\vendor\yiisoft\yii\framework\db\ar\CActiveRecord.php(667): CActiveRecord->getDbConnection()
#6 C:\OpenServer\domains\blogs.org\www\protected\vendor\yiisoft\yii\framework\db\ar\CActiveRecord.php(1469): CActiveRecord->getCommandBuilder()
#7 C:\OpenServer\domains\blogs.org\protected\controllers\API\ArticlesController.php(15): CActiveRecord->findAll('is_published=1')
#8 C:\OpenServer\domains\blogs.org\www\protected\vendor\yiisoft\yii\framework\web\actions\CInlineAction.php(49): ArticlesController->actionIndex()
#9 C:\OpenServer\domains\blogs.org\www\protected\vendor\yiisoft\yii\framework\web\CController.php(308): CInlineAction->runWithParams(Array)
#10 C:\OpenServer\domains\blogs.org\www\protected\vendor\yiisoft\yii\framework\web\CController.php(286): CController->runAction(Object(CInlineAction))
#11 C:\OpenServer\domains\blogs.org\www\protected\vendor\yiisoft\yii\framework\web\CController.php(265): CController->runActionWithFilters(Object(CInlineAction), Array)
#12 C:\OpenServer\domains\blogs.org\www\protected\vendor\yiisoft\yii\framework\web\CWebApplication.php(282): CController->run('')
#13 C:\OpenServer\domains\blogs.org\www\protected\vendor\yiisoft\yii\framework\web\CWebApplication.php(141): CWebApplication->runController('api/articles')
#14 C:\OpenServer\domains\blogs.org\www\protected\vendor\yiisoft\yii\framework\base\CApplication.php(180): CWebApplication->processRequest()
#15 C:\OpenServer\domains\blogs.org\index.php(13): CApplication->run()
#16 {main}
REQUEST_URI=/api/articles/
HTTP_REFERER=http://blogs.org/site/angular
---
2014/09/07 17:07:02 [error] [exception.CDbException] exception 'CDbException' with message 'CDbConnection failed to open the DB connection: SQLSTATE[42000] [1049] Unknown database 'blogs'' in C:\OpenServer\domains\blogs.org\www\protected\vendor\yiisoft\yii\framework\db\CDbConnection.php:382
Stack trace:
#0 C:\OpenServer\domains\blogs.org\www\protected\vendor\yiisoft\yii\framework\db\CDbConnection.php(330): CDbConnection->open()
#1 C:\OpenServer\domains\blogs.org\www\protected\vendor\yiisoft\yii\framework\db\CDbConnection.php(308): CDbConnection->setActive(true)
#2 C:\OpenServer\domains\blogs.org\www\protected\vendor\yiisoft\yii\framework\base\CModule.php(387): CDbConnection->init()
#3 C:\OpenServer\domains\blogs.org\www\protected\vendor\yiisoft\yii\framework\base\CApplication.php(450): CModule->getComponent('db')
#4 C:\OpenServer\domains\blogs.org\www\protected\vendor\yiisoft\yii\framework\db\ar\CActiveRecord.php(634): CApplication->getDb()
#5 C:\OpenServer\domains\blogs.org\www\protected\vendor\yiisoft\yii\framework\db\ar\CActiveRecord.php(667): CActiveRecord->getDbConnection()
#6 C:\OpenServer\domains\blogs.org\www\protected\vendor\yiisoft\yii\framework\db\ar\CActiveRecord.php(1469): CActiveRecord->getCommandBuilder()
#7 C:\OpenServer\domains\blogs.org\protected\controllers\API\ArticlesController.php(15): CActiveRecord->findAll('is_published=1')
#8 C:\OpenServer\domains\blogs.org\www\protected\vendor\yiisoft\yii\framework\web\actions\CInlineAction.php(49): ArticlesController->actionIndex()
#9 C:\OpenServer\domains\blogs.org\www\protected\vendor\yiisoft\yii\framework\web\CController.php(308): CInlineAction->runWithParams(Array)
#10 C:\OpenServer\domains\blogs.org\www\protected\vendor\yiisoft\yii\framework\web\CController.php(286): CController->runAction(Object(CInlineAction))
#11 C:\OpenServer\domains\blogs.org\www\protected\vendor\yiisoft\yii\framework\web\CController.php(265): CController->runActionWithFilters(Object(CInlineAction), Array)
#12 C:\OpenServer\domains\blogs.org\www\protected\vendor\yiisoft\yii\framework\web\CWebApplication.php(282): CController->run('')
#13 C:\OpenServer\domains\blogs.org\www\protected\vendor\yiisoft\yii\framework\web\CWebApplication.php(141): CWebApplication->runController('api/articles')
#14 C:\OpenServer\domains\blogs.org\www\protected\vendor\yiisoft\yii\framework\base\CApplication.php(180): CWebApplication->processRequest()
#15 C:\OpenServer\domains\blogs.org\index.php(13): CApplication->run()
#16 {main}
REQUEST_URI=/api/articles/
---
2014/09/07 19:44:12 [error] [exception.CDbException] exception 'CDbException' with message 'CDbConnection failed to open the DB connection: SQLSTATE[42000] [1049] Unknown database 'blogs'' in C:\OpenServer\domains\blogs.org\www\protected\vendor\yiisoft\yii\framework\db\CDbConnection.php:382
Stack trace:
#0 C:\OpenServer\domains\blogs.org\www\protected\vendor\yiisoft\yii\framework\db\CDbConnection.php(330): CDbConnection->open()
#1 C:\OpenServer\domains\blogs.org\www\protected\vendor\yiisoft\yii\framework\db\CDbConnection.php(308): CDbConnection->setActive(true)
#2 C:\OpenServer\domains\blogs.org\www\protected\vendor\yiisoft\yii\framework\base\CModule.php(387): CDbConnection->init()
#3 C:\OpenServer\domains\blogs.org\www\protected\vendor\yiisoft\yii\framework\base\CApplication.php(450): CModule->getComponent('db')
#4 C:\OpenServer\domains\blogs.org\www\protected\vendor\yiisoft\yii\framework\db\ar\CActiveRecord.php(634): CApplication->getDb()
#5 C:\OpenServer\domains\blogs.org\www\protected\vendor\yiisoft\yii\framework\db\ar\CActiveRecord.php(667): CActiveRecord->getDbConnection()
#6 C:\OpenServer\domains\blogs.org\www\protected\vendor\yiisoft\yii\framework\db\ar\CActiveRecord.php(1469): CActiveRecord->getCommandBuilder()
#7 C:\OpenServer\domains\blogs.org\protected\controllers\API\ArticlesController.php(15): CActiveRecord->findAll('is_published=1')
#8 C:\OpenServer\domains\blogs.org\www\protected\vendor\yiisoft\yii\framework\web\actions\CInlineAction.php(49): ArticlesController->actionIndex()
#9 C:\OpenServer\domains\blogs.org\www\protected\vendor\yiisoft\yii\framework\web\CController.php(308): CInlineAction->runWithParams(Array)
#10 C:\OpenServer\domains\blogs.org\www\protected\vendor\yiisoft\yii\framework\web\CController.php(286): CController->runAction(Object(CInlineAction))
#11 C:\OpenServer\domains\blogs.org\www\protected\vendor\yiisoft\yii\framework\web\CController.php(265): CController->runActionWithFilters(Object(CInlineAction), Array)
#12 C:\OpenServer\domains\blogs.org\www\protected\vendor\yiisoft\yii\framework\web\CWebApplication.php(282): CController->run('')
#13 C:\OpenServer\domains\blogs.org\www\protected\vendor\yiisoft\yii\framework\web\CWebApplication.php(141): CWebApplication->runController('api/articles')
#14 C:\OpenServer\domains\blogs.org\www\protected\vendor\yiisoft\yii\framework\base\CApplication.php(180): CWebApplication->processRequest()
#15 C:\OpenServer\domains\blogs.org\index.php(13): CApplication->run()
#16 {main}
REQUEST_URI=/api/articles/
---
2014/09/07 19:45:36 [error] [system.db.CDbCommand] CDbCommand::fetchAll() failed: SQLSTATE[42S02]: Base table or view not found: 1146 Table 'blogs.tbl_migration' doesn't exist. The SQL statement executed was: SHOW FULL COLUMNS FROM `tbl_migration`.
2014/09/07 19:47:01 [error] [php] PDOStatement::execute(): MySQL server has gone away (C:\OpenServer\domains\blogs.org\www\protected\vendor\yiisoft\yii\framework\db\CDbCommand.php:335)
Stack trace:
#0 C:\OpenServer\domains\blogs.org\www\protected\vendor\yiisoft\yii\framework\db\CDbMigration.php(233): CDbCommand->createTable()
#1 C:\OpenServer\domains\blogs.org\protected\migrations\m140902_081017_create_users_table.php(15): m140902_081017_create_users_table->createTable()
#2 C:\OpenServer\domains\blogs.org\www\protected\vendor\yiisoft\yii\framework\cli\commands\MigrateCommand.php(385): m140902_081017_create_users_table->up()
#3 C:\OpenServer\domains\blogs.org\www\protected\vendor\yiisoft\yii\framework\cli\commands\MigrateCommand.php(109): MigrateCommand->migrateUp()
#4 unknown(0): MigrateCommand->actionUp()
#5 C:\OpenServer\domains\blogs.org\www\protected\vendor\yiisoft\yii\framework\console\CConsoleCommand.php(172): ReflectionMethod->invokeArgs()
#6 C:\OpenServer\domains\blogs.org\www\protected\vendor\yiisoft\yii\framework\console\CConsoleCommandRunner.php(71): MigrateCommand->run()
#7 C:\OpenServer\domains\blogs.org\www\protected\vendor\yiisoft\yii\framework\console\CConsoleApplication.php(92): CConsoleCommandRunner->run()
#8 C:\OpenServer\domains\blogs.org\www\protected\vendor\yiisoft\yii\framework\base\CApplication.php(180): CConsoleApplication->processRequest()
#9 C:\OpenServer\domains\blogs.org\www\protected\vendor\yiisoft\yii\framework\yiic.php(33): CConsoleApplication->run()
#10 C:\OpenServer\domains\blogs.org\protected\yiic.php(7): require_once()

2014/09/07 19:47:54 [error] [system.db.CDbCommand] CDbCommand::execute() failed: SQLSTATE[42S01]: Base table or view already exists: 1050 Table 'tbl_users' already exists. The SQL statement executed was: CREATE TABLE `tbl_users` (
	`id` int(11) NOT NULL AUTO_INCREMENT PRIMARY KEY,
	`name` varchar(255) NOT NULL,
	`login` varchar(255) NOT NULL,
	`avatar` varchar(255),
	`pass` varchar(255),
	`email` varchar(255),
	`is_verified` int
).
2014/09/07 19:47:54 [error] [exception.CDbException] exception 'CDbException' with message 'CDbCommand failed to execute the SQL statement: SQLSTATE[42S01]: Base table or view already exists: 1050 Table 'tbl_users' already exists. The SQL statement executed was: CREATE TABLE `tbl_users` (
	`id` int(11) NOT NULL AUTO_INCREMENT PRIMARY KEY,
	`name` varchar(255) NOT NULL,
	`login` varchar(255) NOT NULL,
	`avatar` varchar(255),
	`pass` varchar(255),
	`email` varchar(255),
	`is_verified` int
)' in C:\OpenServer\domains\blogs.org\www\protected\vendor\yiisoft\yii\framework\db\CDbCommand.php:358
Stack trace:
#0 C:\OpenServer\domains\blogs.org\www\protected\vendor\yiisoft\yii\framework\db\CDbCommand.php(1324): CDbCommand->execute()
#1 C:\OpenServer\domains\blogs.org\www\protected\vendor\yiisoft\yii\framework\db\CDbMigration.php(233): CDbCommand->createTable('tbl_users', Array, NULL)
#2 C:\OpenServer\domains\blogs.org\protected\migrations\m140902_092507_create_users_table.php(15): CDbMigration->createTable('tbl_users', Array)
#3 C:\OpenServer\domains\blogs.org\www\protected\vendor\yiisoft\yii\framework\cli\commands\MigrateCommand.php(385): m140902_092507_create_users_table->up()
#4 C:\OpenServer\domains\blogs.org\www\protected\vendor\yiisoft\yii\framework\cli\commands\MigrateCommand.php(109): MigrateCommand->migrateUp('m140902_092507_...')
#5 [internal function]: MigrateCommand->actionUp(Array)
#6 C:\OpenServer\domains\blogs.org\www\protected\vendor\yiisoft\yii\framework\console\CConsoleCommand.php(172): ReflectionMethod->invokeArgs(Object(MigrateCommand), Array)
#7 C:\OpenServer\domains\blogs.org\www\protected\vendor\yiisoft\yii\framework\console\CConsoleCommandRunner.php(71): CConsoleCommand->run(Array)
#8 C:\OpenServer\domains\blogs.org\www\protected\vendor\yiisoft\yii\framework\console\CConsoleApplication.php(92): CConsoleCommandRunner->run(Array)
#9 C:\OpenServer\domains\blogs.org\www\protected\vendor\yiisoft\yii\framework\base\CApplication.php(180): CConsoleApplication->processRequest()
#10 C:\OpenServer\domains\blogs.org\www\protected\vendor\yiisoft\yii\framework\yiic.php(33): CApplication->run()
#11 C:\OpenServer\domains\blogs.org\protected\yiic.php(7): require_once('C:\OpenServer\d...')
#12 {main}
---
2014/09/07 20:19:35 [error] [exception.CHttpException.404] exception 'CHttpException' with message 'Unable to resolve the request "user/getValidationMail".' in C:\OpenServer\domains\blogs.org\www\protected\vendor\yiisoft\yii\framework\web\CWebApplication.php:286
Stack trace:
#0 C:\OpenServer\domains\blogs.org\www\protected\vendor\yiisoft\yii\framework\web\CWebApplication.php(141): CWebApplication->runController('user/getValidat...')
#1 C:\OpenServer\domains\blogs.org\www\protected\vendor\yiisoft\yii\framework\base\CApplication.php(180): CWebApplication->processRequest()
#2 C:\OpenServer\domains\blogs.org\index.php(13): CApplication->run()
#3 {main}
REQUEST_URI=/user/getValidationMail?validationKey=OL9Ijz0tTiZU12Z%2FIYaYuJDtsUTuEvZuRh8lrkRQ6rV2XMhTrPz7hw%3D%3D
---
2014/09/07 20:35:30 [error] [exception.CHttpException.404] exception 'CHttpException' with message 'Unable to resolve the request "user/getValidationMail".' in C:\OpenServer\domains\blogs.org\www\protected\vendor\yiisoft\yii\framework\web\CWebApplication.php:286
Stack trace:
#0 C:\OpenServer\domains\blogs.org\www\protected\vendor\yiisoft\yii\framework\web\CWebApplication.php(141): CWebApplication->runController('user/getValidat...')
#1 C:\OpenServer\domains\blogs.org\www\protected\vendor\yiisoft\yii\framework\base\CApplication.php(180): CWebApplication->processRequest()
#2 C:\OpenServer\domains\blogs.org\index.php(13): CApplication->run()
#3 {main}
REQUEST_URI=/user/getValidationMail?validationKey=OL9Ijz0tTiZU12Z%2FIYaYuJDtsUTuEvZuRh8lrkRQ6rV2XMhTrPz7hw%3D%3D
---
2014/09/07 20:57:08 [error] [exception.CException] exception 'CException' with message 'The URL pattern "api/<controller:((?!api/getValidationMail))>/<action:\w+>/*" for route "<controller>/<action>" is not a valid regular expression.' in C:\OpenServer\domains\blogs.org\www\protected\vendor\yiisoft\yii\framework\web\CUrlManager.php:701
Stack trace:
#0 C:\OpenServer\domains\blogs.org\www\protected\vendor\yiisoft\yii\framework\web\CUrlManager.php(270): CUrlRule->__construct('<controller>/<a...', 'api/<controller...')
#1 C:\OpenServer\domains\blogs.org\www\protected\vendor\yiisoft\yii\framework\web\CUrlManager.php(226): CUrlManager->createUrlRule('<controller>/<a...', 'api/<controller...')
#2 C:\OpenServer\domains\blogs.org\www\protected\vendor\yiisoft\yii\framework\web\CUrlManager.php(206): CUrlManager->processRules()
#3 C:\OpenServer\domains\blogs.org\www\protected\vendor\yiisoft\yii\framework\base\CModule.php(387): CUrlManager->init()
#4 C:\OpenServer\domains\blogs.org\www\protected\vendor\yiisoft\yii\framework\base\CApplication.php(522): CModule->getComponent('urlManager')
#5 C:\OpenServer\domains\blogs.org\www\protected\vendor\yiisoft\yii\framework\web\CWebApplication.php(140): CApplication->getUrlManager()
#6 C:\OpenServer\domains\blogs.org\www\protected\vendor\yiisoft\yii\framework\base\CApplication.php(180): CWebApplication->processRequest()
#7 C:\OpenServer\domains\blogs.org\index.php(13): CApplication->run()
#8 {main}
REQUEST_URI=/api/user/signUp
---
2014/09/07 21:11:16 [error] [exception.CHttpException.400] exception 'CHttpException' with message 'Your request is invalid.' in C:\OpenServer\domains\blogs.org\www\protected\vendor\yiisoft\yii\framework\web\CController.php:336
Stack trace:
#0 C:\OpenServer\domains\blogs.org\www\protected\vendor\yiisoft\yii\framework\web\CController.php(309): CController->invalidActionParams(Object(CInlineAction))
#1 C:\OpenServer\domains\blogs.org\www\protected\vendor\yiisoft\yii\framework\web\CController.php(286): CController->runAction(Object(CInlineAction))
#2 C:\OpenServer\domains\blogs.org\www\protected\vendor\yiisoft\yii\framework\web\CController.php(265): CController->runActionWithFilters(Object(CInlineAction), Array)
#3 C:\OpenServer\domains\blogs.org\www\protected\vendor\yiisoft\yii\framework\web\CWebApplication.php(282): CController->run('getValidationMa...')
#4 C:\OpenServer\domains\blogs.org\www\protected\vendor\yiisoft\yii\framework\web\CWebApplication.php(141): CWebApplication->runController('api/user/getVal...')
#5 C:\OpenServer\domains\blogs.org\www\protected\vendor\yiisoft\yii\framework\base\CApplication.php(180): CWebApplication->processRequest()
#6 C:\OpenServer\domains\blogs.org\index.php(13): CApplication->run()
#7 {main}
REQUEST_URI=/api/user/getValidationMail
---
2014/09/07 21:11:25 [error] [exception.CHttpException.404] exception 'CHttpException' with message 'The system is unable to find the requested action "getValidationMails".' in C:\OpenServer\domains\blogs.org\www\protected\vendor\yiisoft\yii\framework\web\CController.php:483
Stack trace:
#0 C:\OpenServer\domains\blogs.org\www\protected\vendor\yiisoft\yii\framework\web\CController.php(270): CController->missingAction('getValidationMa...')
#1 C:\OpenServer\domains\blogs.org\www\protected\vendor\yiisoft\yii\framework\web\CWebApplication.php(282): CController->run('getValidationMa...')
#2 C:\OpenServer\domains\blogs.org\www\protected\vendor\yiisoft\yii\framework\web\CWebApplication.php(141): CWebApplication->runController('api/user/getVal...')
#3 C:\OpenServer\domains\blogs.org\www\protected\vendor\yiisoft\yii\framework\base\CApplication.php(180): CWebApplication->processRequest()
#4 C:\OpenServer\domains\blogs.org\index.php(13): CApplication->run()
#5 {main}
REQUEST_URI=/api/user/getValidationMails
---
2014/09/07 21:11:28 [error] [exception.CHttpException.400] exception 'CHttpException' with message 'Your request is invalid.' in C:\OpenServer\domains\blogs.org\www\protected\vendor\yiisoft\yii\framework\web\CController.php:336
Stack trace:
#0 C:\OpenServer\domains\blogs.org\www\protected\vendor\yiisoft\yii\framework\web\CController.php(309): CController->invalidActionParams(Object(CInlineAction))
#1 C:\OpenServer\domains\blogs.org\www\protected\vendor\yiisoft\yii\framework\web\CController.php(286): CController->runAction(Object(CInlineAction))
#2 C:\OpenServer\domains\blogs.org\www\protected\vendor\yiisoft\yii\framework\web\CController.php(265): CController->runActionWithFilters(Object(CInlineAction), Array)
#3 C:\OpenServer\domains\blogs.org\www\protected\vendor\yiisoft\yii\framework\web\CWebApplication.php(282): CController->run('getValidationMa...')
#4 C:\OpenServer\domains\blogs.org\www\protected\vendor\yiisoft\yii\framework\web\CWebApplication.php(141): CWebApplication->runController('api/user/getVal...')
#5 C:\OpenServer\domains\blogs.org\www\protected\vendor\yiisoft\yii\framework\base\CApplication.php(180): CWebApplication->processRequest()
#6 C:\OpenServer\domains\blogs.org\index.php(13): CApplication->run()
#7 {main}
REQUEST_URI=/api/user/getValidationMail
---
2014/09/07 21:17:02 [error] [php] Creating default object from empty value (C:\OpenServer\domains\blogs.org\protected\components\UserValidate.php:37)
Stack trace:
#0 C:\OpenServer\domains\blogs.org\www\protected\vendor\yiisoft\yii\framework\web\actions\CAction.php(108): ReflectionMethod->invokeArgs()
#1 C:\OpenServer\domains\blogs.org\www\protected\vendor\yiisoft\yii\framework\web\actions\CInlineAction.php(47): CInlineAction->runWithParamsInternal()
#2 C:\OpenServer\domains\blogs.org\www\protected\vendor\yiisoft\yii\framework\web\CController.php(308): CInlineAction->runWithParams()
#3 C:\OpenServer\domains\blogs.org\www\protected\vendor\yiisoft\yii\framework\web\CController.php(286): UserController->runAction()
#4 C:\OpenServer\domains\blogs.org\www\protected\vendor\yiisoft\yii\framework\web\CController.php(265): UserController->runActionWithFilters()
#5 C:\OpenServer\domains\blogs.org\www\protected\vendor\yiisoft\yii\framework\web\CWebApplication.php(282): UserController->run()
#6 C:\OpenServer\domains\blogs.org\www\protected\vendor\yiisoft\yii\framework\web\CWebApplication.php(141): CWebApplication->runController()
#7 C:\OpenServer\domains\blogs.org\www\protected\vendor\yiisoft\yii\framework\base\CApplication.php(180): CWebApplication->processRequest()
#8 C:\OpenServer\domains\blogs.org\index.php(13): CWebApplication->run()
REQUEST_URI=/api/user/getValidationMail/validationKey/9
in C:\OpenServer\domains\blogs.org\protected\components\UserValidate.php (37)
in C:\OpenServer\domains\blogs.org\protected\controllers\API\UserController.php (24)
in C:\OpenServer\domains\blogs.org\index.php (13)
2014/09/07 21:17:12 [error] [php] Creating default object from empty value (C:\OpenServer\domains\blogs.org\protected\components\UserValidate.php:37)
Stack trace:
#0 C:\OpenServer\domains\blogs.org\www\protected\vendor\yiisoft\yii\framework\web\actions\CAction.php(108): ReflectionMethod->invokeArgs()
#1 C:\OpenServer\domains\blogs.org\www\protected\vendor\yiisoft\yii\framework\web\actions\CInlineAction.php(47): CInlineAction->runWithParamsInternal()
#2 C:\OpenServer\domains\blogs.org\www\protected\vendor\yiisoft\yii\framework\web\CController.php(308): CInlineAction->runWithParams()
#3 C:\OpenServer\domains\blogs.org\www\protected\vendor\yiisoft\yii\framework\web\CController.php(286): UserController->runAction()
#4 C:\OpenServer\domains\blogs.org\www\protected\vendor\yiisoft\yii\framework\web\CController.php(265): UserController->runActionWithFilters()
#5 C:\OpenServer\domains\blogs.org\www\protected\vendor\yiisoft\yii\framework\web\CWebApplication.php(282): UserController->run()
#6 C:\OpenServer\domains\blogs.org\www\protected\vendor\yiisoft\yii\framework\web\CWebApplication.php(141): CWebApplication->runController()
#7 C:\OpenServer\domains\blogs.org\www\protected\vendor\yiisoft\yii\framework\base\CApplication.php(180): CWebApplication->processRequest()
#8 C:\OpenServer\domains\blogs.org\index.php(13): CWebApplication->run()
REQUEST_URI=/api/user/getValidationMail/validationKey/987
in C:\OpenServer\domains\blogs.org\protected\components\UserValidate.php (37)
in C:\OpenServer\domains\blogs.org\protected\controllers\API\UserController.php (24)
in C:\OpenServer\domains\blogs.org\index.php (13)
2014/09/07 21:31:54 [error] [php] Creating default object from empty value (C:\OpenServer\domains\blogs.org\protected\components\UserValidate.php:37)
Stack trace:
#0 C:\OpenServer\domains\blogs.org\www\protected\vendor\yiisoft\yii\framework\web\actions\CAction.php(108): ReflectionMethod->invokeArgs()
#1 C:\OpenServer\domains\blogs.org\www\protected\vendor\yiisoft\yii\framework\web\actions\CInlineAction.php(47): CInlineAction->runWithParamsInternal()
#2 C:\OpenServer\domains\blogs.org\www\protected\vendor\yiisoft\yii\framework\web\CController.php(308): CInlineAction->runWithParams()
#3 C:\OpenServer\domains\blogs.org\www\protected\vendor\yiisoft\yii\framework\web\CController.php(286): UserController->runAction()
#4 C:\OpenServer\domains\blogs.org\www\protected\vendor\yiisoft\yii\framework\web\CController.php(265): UserController->runActionWithFilters()
#5 C:\OpenServer\domains\blogs.org\www\protected\vendor\yiisoft\yii\framework\web\CWebApplication.php(282): UserController->run()
#6 C:\OpenServer\domains\blogs.org\www\protected\vendor\yiisoft\yii\framework\web\CWebApplication.php(141): CWebApplication->runController()
#7 C:\OpenServer\domains\blogs.org\www\protected\vendor\yiisoft\yii\framework\base\CApplication.php(180): CWebApplication->processRequest()
#8 C:\OpenServer\domains\blogs.org\index.php(13): CWebApplication->run()
REQUEST_URI=/api/user/getValidationMail?validationKey=OL9Ijz0tTiZU12Z/IYaYuIvlWDuRlflHOkAQ4N/DmQc0v9yinKBryA
in C:\OpenServer\domains\blogs.org\protected\components\UserValidate.php (37)
in C:\OpenServer\domains\blogs.org\protected\controllers\API\UserController.php (24)
in C:\OpenServer\domains\blogs.org\index.php (13)
2014/09/07 23:10:34 [warning] [application] Failed to set unsafe attribute "login" of "TblArticles".
in C:\OpenServer\domains\blogs.org\protected\controllers\API\ArticlesController.php (36)
in C:\OpenServer\domains\blogs.org\index.php (13)
2014/09/07 23:10:34 [warning] [application] Failed to set unsafe attribute "name" of "TblArticles".
in C:\OpenServer\domains\blogs.org\protected\controllers\API\ArticlesController.php (36)
in C:\OpenServer\domains\blogs.org\index.php (13)
2014/09/07 23:10:34 [warning] [application] Failed to set unsafe attribute "pass" of "TblArticles".
in C:\OpenServer\domains\blogs.org\protected\controllers\API\ArticlesController.php (36)
in C:\OpenServer\domains\blogs.org\index.php (13)
2014/09/07 23:10:34 [warning] [application] Failed to set unsafe attribute "email" of "TblArticles".
in C:\OpenServer\domains\blogs.org\protected\controllers\API\ArticlesController.php (36)
in C:\OpenServer\domains\blogs.org\index.php (13)
2014/09/07 23:10:34 [warning] [application] Failed to set unsafe attribute "is_verified" of "TblArticles".
in C:\OpenServer\domains\blogs.org\protected\controllers\API\ArticlesController.php (36)
in C:\OpenServer\domains\blogs.org\index.php (13)
2014/09/07 23:14:18 [error] [php] Object of class CInlineAction could not be converted to string (C:\OpenServer\domains\blogs.org\protected\components\ApiController.php:123)
Stack trace:
#0 C:\OpenServer\domains\blogs.org\www\protected\vendor\yiisoft\yii\framework\web\CController.php(265): ArticlesController->runActionWithFilters()
#1 C:\OpenServer\domains\blogs.org\www\protected\vendor\yiisoft\yii\framework\web\CWebApplication.php(282): ArticlesController->run()
#2 C:\OpenServer\domains\blogs.org\www\protected\vendor\yiisoft\yii\framework\web\CWebApplication.php(141): CWebApplication->runController()
#3 C:\OpenServer\domains\blogs.org\www\protected\vendor\yiisoft\yii\framework\base\CApplication.php(180): CWebApplication->processRequest()
#4 C:\OpenServer\domains\blogs.org\index.php(13): CWebApplication->run()
REQUEST_URI=/api/articles
in C:\OpenServer\domains\blogs.org\protected\components\ApiController.php (123)
in C:\OpenServer\domains\blogs.org\index.php (13)
2014/09/08 00:10:52 [error] [php] include(User.php) [<a href='function.include'>function.include</a>]: failed to open stream: No such file or directory (C:\OpenServer\domains\blogs.org\www\protected\vendor\yiisoft\yii\framework\YiiBase.php:427)
Stack trace:
#0 C:\OpenServer\domains\blogs.org\protected\components\ApiController.php(127): spl_autoload_call()
#1 C:\OpenServer\domains\blogs.org\www\protected\vendor\yiisoft\yii\framework\web\CController.php(306): ArticlesController->beforeAction()
#2 C:\OpenServer\domains\blogs.org\www\protected\vendor\yiisoft\yii\framework\web\CController.php(286): ArticlesController->runAction()
#3 C:\OpenServer\domains\blogs.org\www\protected\vendor\yiisoft\yii\framework\web\CController.php(265): ArticlesController->runActionWithFilters()
#4 C:\OpenServer\domains\blogs.org\www\protected\vendor\yiisoft\yii\framework\web\CWebApplication.php(282): ArticlesController->run()
#5 C:\OpenServer\domains\blogs.org\www\protected\vendor\yiisoft\yii\framework\web\CWebApplication.php(141): CWebApplication->runController()
#6 C:\OpenServer\domains\blogs.org\www\protected\vendor\yiisoft\yii\framework\base\CApplication.php(180): CWebApplication->processRequest()
#7 C:\OpenServer\domains\blogs.org\index.php(13): CWebApplication->run()
REQUEST_URI=/api/articles
in C:\OpenServer\domains\blogs.org\protected\components\ApiController.php (127)
in C:\OpenServer\domains\blogs.org\index.php (13)
2014/09/08 00:11:40 [error] [php] Cannot modify header information - headers already sent by (output started at C:\OpenServer\domains\blogs.org\protected\components\ApiController.php:127) (C:\OpenServer\domains\blogs.org\protected\components\ApiController.php:114)
Stack trace:
#0 C:\OpenServer\domains\blogs.org\www\protected\vendor\yiisoft\yii\framework\web\actions\CInlineAction.php(49): ArticlesController->actionIndex()
#1 C:\OpenServer\domains\blogs.org\www\protected\vendor\yiisoft\yii\framework\web\CController.php(308): CInlineAction->runWithParams()
#2 C:\OpenServer\domains\blogs.org\www\protected\vendor\yiisoft\yii\framework\web\CController.php(286): ArticlesController->runAction()
#3 C:\OpenServer\domains\blogs.org\www\protected\vendor\yiisoft\yii\framework\web\CController.php(265): ArticlesController->runActionWithFilters()
#4 C:\OpenServer\domains\blogs.org\www\protected\vendor\yiisoft\yii\framework\web\CWebApplication.php(282): ArticlesController->run()
#5 C:\OpenServer\domains\blogs.org\www\protected\vendor\yiisoft\yii\framework\web\CWebApplication.php(141): CWebApplication->runController()
#6 C:\OpenServer\domains\blogs.org\www\protected\vendor\yiisoft\yii\framework\base\CApplication.php(180): CWebApplication->processRequest()
#7 C:\OpenServer\domains\blogs.org\index.php(13): CWebApplication->run()
REQUEST_URI=/api/articles
in C:\OpenServer\domains\blogs.org\protected\components\ApiController.php (114)
in C:\OpenServer\domains\blogs.org\protected\controllers\API\ArticlesController.php (17)
in C:\OpenServer\domains\blogs.org\index.php (13)
2014/09/08 00:12:14 [error] [php] Cannot modify header information - headers already sent by (output started at C:\OpenServer\domains\blogs.org\protected\components\ApiController.php:127) (C:\OpenServer\domains\blogs.org\protected\components\ApiController.php:114)
Stack trace:
#0 C:\OpenServer\domains\blogs.org\www\protected\vendor\yiisoft\yii\framework\web\actions\CInlineAction.php(49): ArticlesController->actionIndex()
#1 C:\OpenServer\domains\blogs.org\www\protected\vendor\yiisoft\yii\framework\web\CController.php(308): CInlineAction->runWithParams()
#2 C:\OpenServer\domains\blogs.org\www\protected\vendor\yiisoft\yii\framework\web\CController.php(286): ArticlesController->runAction()
#3 C:\OpenServer\domains\blogs.org\www\protected\vendor\yiisoft\yii\framework\web\CController.php(265): ArticlesController->runActionWithFilters()
#4 C:\OpenServer\domains\blogs.org\www\protected\vendor\yiisoft\yii\framework\web\CWebApplication.php(282): ArticlesController->run()
#5 C:\OpenServer\domains\blogs.org\www\protected\vendor\yiisoft\yii\framework\web\CWebApplication.php(141): CWebApplication->runController()
#6 C:\OpenServer\domains\blogs.org\www\protected\vendor\yiisoft\yii\framework\base\CApplication.php(180): CWebApplication->processRequest()
#7 C:\OpenServer\domains\blogs.org\index.php(13): CWebApplication->run()
REQUEST_URI=/api/articles
in C:\OpenServer\domains\blogs.org\protected\components\ApiController.php (114)
in C:\OpenServer\domains\blogs.org\protected\controllers\API\ArticlesController.php (17)
in C:\OpenServer\domains\blogs.org\index.php (13)
2014/09/08 01:00:29 [error] [exception.CException] exception 'CException' with message 'Property "ArticlesController.allowedActions" is not defined.' in C:\OpenServer\domains\blogs.org\www\protected\vendor\yiisoft\yii\framework\base\CComponent.php:130
Stack trace:
#0 C:\OpenServer\domains\blogs.org\protected\components\ApiController.php(131): CComponent->__get('allowedActions')
#1 C:\OpenServer\domains\blogs.org\www\protected\vendor\yiisoft\yii\framework\web\CController.php(306): ApiController->beforeAction(Object(CInlineAction))
#2 C:\OpenServer\domains\blogs.org\www\protected\vendor\yiisoft\yii\framework\web\CController.php(286): CController->runAction(Object(CInlineAction))
#3 C:\OpenServer\domains\blogs.org\www\protected\vendor\yiisoft\yii\framework\web\CController.php(265): CController->runActionWithFilters(Object(CInlineAction), Array)
#4 C:\OpenServer\domains\blogs.org\www\protected\vendor\yiisoft\yii\framework\web\CWebApplication.php(282): CController->run('')
#5 C:\OpenServer\domains\blogs.org\www\protected\vendor\yiisoft\yii\framework\web\CWebApplication.php(141): CWebApplication->runController('api/articles')
#6 C:\OpenServer\domains\blogs.org\www\protected\vendor\yiisoft\yii\framework\base\CApplication.php(180): CWebApplication->processRequest()
#7 C:\OpenServer\domains\blogs.org\index.php(13): CApplication->run()
#8 {main}
REQUEST_URI=/api/articles
---
2014/09/08 01:12:26 [error] [php] Cannot modify header information - headers already sent by (output started at C:\OpenServer\domains\blogs.org\protected\components\UserValidate.php:51) (C:\OpenServer\domains\blogs.org\protected\components\ApiController.php:114)
Stack trace:
#0 C:\OpenServer\domains\blogs.org\www\protected\vendor\yiisoft\yii\framework\web\actions\CInlineAction.php(49): ArticlesController->actionIndex()
#1 C:\OpenServer\domains\blogs.org\www\protected\vendor\yiisoft\yii\framework\web\CController.php(308): CInlineAction->runWithParams()
#2 C:\OpenServer\domains\blogs.org\www\protected\vendor\yiisoft\yii\framework\web\CController.php(286): ArticlesController->runAction()
#3 C:\OpenServer\domains\blogs.org\www\protected\vendor\yiisoft\yii\framework\web\CController.php(265): ArticlesController->runActionWithFilters()
#4 C:\OpenServer\domains\blogs.org\www\protected\vendor\yiisoft\yii\framework\web\CWebApplication.php(282): ArticlesController->run()
#5 C:\OpenServer\domains\blogs.org\www\protected\vendor\yiisoft\yii\framework\web\CWebApplication.php(141): CWebApplication->runController()
#6 C:\OpenServer\domains\blogs.org\www\protected\vendor\yiisoft\yii\framework\base\CApplication.php(180): CWebApplication->processRequest()
#7 C:\OpenServer\domains\blogs.org\index.php(13): CWebApplication->run()
REQUEST_URI=/api/articles
in C:\OpenServer\domains\blogs.org\protected\components\ApiController.php (114)
in C:\OpenServer\domains\blogs.org\protected\controllers\API\ArticlesController.php (17)
in C:\OpenServer\domains\blogs.org\index.php (13)
2014/09/08 01:13:07 [error] [php] Cannot modify header information - headers already sent by (output started at C:\OpenServer\domains\blogs.org\protected\components\UserValidate.php:51) (C:\OpenServer\domains\blogs.org\protected\components\ApiController.php:114)
Stack trace:
#0 C:\OpenServer\domains\blogs.org\www\protected\vendor\yiisoft\yii\framework\web\CController.php(306): ArticlesController->beforeAction()
#1 C:\OpenServer\domains\blogs.org\www\protected\vendor\yiisoft\yii\framework\web\CController.php(286): ArticlesController->runAction()
#2 C:\OpenServer\domains\blogs.org\www\protected\vendor\yiisoft\yii\framework\web\CController.php(265): ArticlesController->runActionWithFilters()
#3 C:\OpenServer\domains\blogs.org\www\protected\vendor\yiisoft\yii\framework\web\CWebApplication.php(282): ArticlesController->run()
#4 C:\OpenServer\domains\blogs.org\www\protected\vendor\yiisoft\yii\framework\web\CWebApplication.php(141): CWebApplication->runController()
#5 C:\OpenServer\domains\blogs.org\www\protected\vendor\yiisoft\yii\framework\base\CApplication.php(180): CWebApplication->processRequest()
#6 C:\OpenServer\domains\blogs.org\index.php(13): CWebApplication->run()
REQUEST_URI=/api/articles
in C:\OpenServer\domains\blogs.org\protected\components\ApiController.php (114)
in C:\OpenServer\domains\blogs.org\protected\components\ApiController.php (148)
in C:\OpenServer\domains\blogs.org\index.php (13)
2014/09/08 01:13:37 [error] [php] Cannot modify header information - headers already sent by (output started at C:\OpenServer\domains\blogs.org\protected\components\UserValidate.php:51) (C:\OpenServer\domains\blogs.org\protected\components\ApiController.php:114)
Stack trace:
#0 C:\OpenServer\domains\blogs.org\www\protected\vendor\yiisoft\yii\framework\web\CController.php(306): ArticlesController->beforeAction()
#1 C:\OpenServer\domains\blogs.org\www\protected\vendor\yiisoft\yii\framework\web\CController.php(286): ArticlesController->runAction()
#2 C:\OpenServer\domains\blogs.org\www\protected\vendor\yiisoft\yii\framework\web\CController.php(265): ArticlesController->runActionWithFilters()
#3 C:\OpenServer\domains\blogs.org\www\protected\vendor\yiisoft\yii\framework\web\CWebApplication.php(282): ArticlesController->run()
#4 C:\OpenServer\domains\blogs.org\www\protected\vendor\yiisoft\yii\framework\web\CWebApplication.php(141): CWebApplication->runController()
#5 C:\OpenServer\domains\blogs.org\www\protected\vendor\yiisoft\yii\framework\base\CApplication.php(180): CWebApplication->processRequest()
#6 C:\OpenServer\domains\blogs.org\index.php(13): CWebApplication->run()
REQUEST_URI=/api/articles
in C:\OpenServer\domains\blogs.org\protected\components\ApiController.php (114)
in C:\OpenServer\domains\blogs.org\protected\components\ApiController.php (148)
in C:\OpenServer\domains\blogs.org\index.php (13)
2014/09/08 01:14:43 [error] [php] Cannot modify header information - headers already sent by (output started at C:\OpenServer\domains\blogs.org\protected\components\UserValidate.php:48) (C:\OpenServer\domains\blogs.org\protected\components\ApiController.php:114)
Stack trace:
#0 C:\OpenServer\domains\blogs.org\www\protected\vendor\yiisoft\yii\framework\web\CController.php(306): ArticlesController->beforeAction()
#1 C:\OpenServer\domains\blogs.org\www\protected\vendor\yiisoft\yii\framework\web\CController.php(286): ArticlesController->runAction()
#2 C:\OpenServer\domains\blogs.org\www\protected\vendor\yiisoft\yii\framework\web\CController.php(265): ArticlesController->runActionWithFilters()
#3 C:\OpenServer\domains\blogs.org\www\protected\vendor\yiisoft\yii\framework\web\CWebApplication.php(282): ArticlesController->run()
#4 C:\OpenServer\domains\blogs.org\www\protected\vendor\yiisoft\yii\framework\web\CWebApplication.php(141): CWebApplication->runController()
#5 C:\OpenServer\domains\blogs.org\www\protected\vendor\yiisoft\yii\framework\base\CApplication.php(180): CWebApplication->processRequest()
#6 C:\OpenServer\domains\blogs.org\index.php(13): CWebApplication->run()
REQUEST_URI=/api/articles
in C:\OpenServer\domains\blogs.org\protected\components\ApiController.php (114)
in C:\OpenServer\domains\blogs.org\protected\components\ApiController.php (148)
in C:\OpenServer\domains\blogs.org\index.php (13)
2014/09/08 01:35:18 [error] [exception.CHttpException.404] exception 'CHttpException' with message 'The system is unable to find the requested action "authByToken".' in C:\OpenServer\domains\blogs.org\www\protected\vendor\yiisoft\yii\framework\web\CController.php:483
Stack trace:
#0 C:\OpenServer\domains\blogs.org\www\protected\vendor\yiisoft\yii\framework\web\CController.php(270): CController->missingAction('authByToken')
#1 C:\OpenServer\domains\blogs.org\www\protected\vendor\yiisoft\yii\framework\web\CWebApplication.php(282): CController->run('authByToken')
#2 C:\OpenServer\domains\blogs.org\www\protected\vendor\yiisoft\yii\framework\web\CWebApplication.php(141): CWebApplication->runController('api/user/authBy...')
#3 C:\OpenServer\domains\blogs.org\www\protected\vendor\yiisoft\yii\framework\base\CApplication.php(180): CWebApplication->processRequest()
#4 C:\OpenServer\domains\blogs.org\index.php(13): CApplication->run()
#5 {main}
REQUEST_URI=/api/user/authByToken
---
2014/09/08 01:35:43 [error] [php] Cannot modify header information - headers already sent by (output started at C:\OpenServer\domains\blogs.org\protected\components\UserValidate.php:52) (C:\OpenServer\domains\blogs.org\protected\components\ApiController.php:114)
Stack trace:
#0 C:\OpenServer\domains\blogs.org\www\protected\vendor\yiisoft\yii\framework\web\CController.php(306): ArticlesController->beforeAction()
#1 C:\OpenServer\domains\blogs.org\www\protected\vendor\yiisoft\yii\framework\web\CController.php(286): ArticlesController->runAction()
#2 C:\OpenServer\domains\blogs.org\www\protected\vendor\yiisoft\yii\framework\web\CController.php(265): ArticlesController->runActionWithFilters()
#3 C:\OpenServer\domains\blogs.org\www\protected\vendor\yiisoft\yii\framework\web\CWebApplication.php(282): ArticlesController->run()
#4 C:\OpenServer\domains\blogs.org\www\protected\vendor\yiisoft\yii\framework\web\CWebApplication.php(141): CWebApplication->runController()
#5 C:\OpenServer\domains\blogs.org\www\protected\vendor\yiisoft\yii\framework\base\CApplication.php(180): CWebApplication->processRequest()
#6 C:\OpenServer\domains\blogs.org\index.php(13): CWebApplication->run()
REQUEST_URI=/api/articles
in C:\OpenServer\domains\blogs.org\protected\components\ApiController.php (114)
in C:\OpenServer\domains\blogs.org\protected\components\ApiController.php (148)
in C:\OpenServer\domains\blogs.org\index.php (13)
2014/09/08 01:35:46 [error] [php] Cannot modify header information - headers already sent by (output started at C:\OpenServer\domains\blogs.org\protected\components\UserValidate.php:52) (C:\OpenServer\domains\blogs.org\protected\components\ApiController.php:114)
Stack trace:
#0 C:\OpenServer\domains\blogs.org\www\protected\vendor\yiisoft\yii\framework\web\CController.php(306): ArticlesController->beforeAction()
#1 C:\OpenServer\domains\blogs.org\www\protected\vendor\yiisoft\yii\framework\web\CController.php(286): ArticlesController->runAction()
#2 C:\OpenServer\domains\blogs.org\www\protected\vendor\yiisoft\yii\framework\web\CController.php(265): ArticlesController->runActionWithFilters()
#3 C:\OpenServer\domains\blogs.org\www\protected\vendor\yiisoft\yii\framework\web\CWebApplication.php(282): ArticlesController->run()
#4 C:\OpenServer\domains\blogs.org\www\protected\vendor\yiisoft\yii\framework\web\CWebApplication.php(141): CWebApplication->runController()
#5 C:\OpenServer\domains\blogs.org\www\protected\vendor\yiisoft\yii\framework\base\CApplication.php(180): CWebApplication->processRequest()
#6 C:\OpenServer\domains\blogs.org\index.php(13): CWebApplication->run()
REQUEST_URI=/api/articles
in C:\OpenServer\domains\blogs.org\protected\components\ApiController.php (114)
in C:\OpenServer\domains\blogs.org\protected\components\ApiController.php (148)
in C:\OpenServer\domains\blogs.org\index.php (13)
2014/09/08 01:35:47 [error] [php] Cannot modify header information - headers already sent by (output started at C:\OpenServer\domains\blogs.org\protected\components\UserValidate.php:52) (C:\OpenServer\domains\blogs.org\protected\components\ApiController.php:114)
Stack trace:
#0 C:\OpenServer\domains\blogs.org\www\protected\vendor\yiisoft\yii\framework\web\CController.php(306): ArticlesController->beforeAction()
#1 C:\OpenServer\domains\blogs.org\www\protected\vendor\yiisoft\yii\framework\web\CController.php(286): ArticlesController->runAction()
#2 C:\OpenServer\domains\blogs.org\www\protected\vendor\yiisoft\yii\framework\web\CController.php(265): ArticlesController->runActionWithFilters()
#3 C:\OpenServer\domains\blogs.org\www\protected\vendor\yiisoft\yii\framework\web\CWebApplication.php(282): ArticlesController->run()
#4 C:\OpenServer\domains\blogs.org\www\protected\vendor\yiisoft\yii\framework\web\CWebApplication.php(141): CWebApplication->runController()
#5 C:\OpenServer\domains\blogs.org\www\protected\vendor\yiisoft\yii\framework\base\CApplication.php(180): CWebApplication->processRequest()
#6 C:\OpenServer\domains\blogs.org\index.php(13): CWebApplication->run()
REQUEST_URI=/api/articles
in C:\OpenServer\domains\blogs.org\protected\components\ApiController.php (114)
in C:\OpenServer\domains\blogs.org\protected\components\ApiController.php (148)
in C:\OpenServer\domains\blogs.org\index.php (13)
2014/09/08 01:35:53 [error] [php] Cannot modify header information - headers already sent by (output started at C:\OpenServer\domains\blogs.org\protected\components\UserValidate.php:52) (C:\OpenServer\domains\blogs.org\protected\components\ApiController.php:114)
Stack trace:
#0 C:\OpenServer\domains\blogs.org\www\protected\vendor\yiisoft\yii\framework\web\CController.php(306): ArticlesController->beforeAction()
#1 C:\OpenServer\domains\blogs.org\www\protected\vendor\yiisoft\yii\framework\web\CController.php(286): ArticlesController->runAction()
#2 C:\OpenServer\domains\blogs.org\www\protected\vendor\yiisoft\yii\framework\web\CController.php(265): ArticlesController->runActionWithFilters()
#3 C:\OpenServer\domains\blogs.org\www\protected\vendor\yiisoft\yii\framework\web\CWebApplication.php(282): ArticlesController->run()
#4 C:\OpenServer\domains\blogs.org\www\protected\vendor\yiisoft\yii\framework\web\CWebApplication.php(141): CWebApplication->runController()
#5 C:\OpenServer\domains\blogs.org\www\protected\vendor\yiisoft\yii\framework\base\CApplication.php(180): CWebApplication->processRequest()
#6 C:\OpenServer\domains\blogs.org\index.php(13): CWebApplication->run()
REQUEST_URI=/api/articles
in C:\OpenServer\domains\blogs.org\protected\components\ApiController.php (114)
in C:\OpenServer\domains\blogs.org\protected\components\ApiController.php (148)
in C:\OpenServer\domains\blogs.org\index.php (13)
2014/09/08 01:35:58 [error] [php] Cannot modify header information - headers already sent by (output started at C:\OpenServer\domains\blogs.org\protected\components\UserValidate.php:52) (C:\OpenServer\domains\blogs.org\protected\components\ApiController.php:114)
Stack trace:
#0 C:\OpenServer\domains\blogs.org\www\protected\vendor\yiisoft\yii\framework\web\CController.php(306): ArticlesController->beforeAction()
#1 C:\OpenServer\domains\blogs.org\www\protected\vendor\yiisoft\yii\framework\web\CController.php(286): ArticlesController->runAction()
#2 C:\OpenServer\domains\blogs.org\www\protected\vendor\yiisoft\yii\framework\web\CController.php(265): ArticlesController->runActionWithFilters()
#3 C:\OpenServer\domains\blogs.org\www\protected\vendor\yiisoft\yii\framework\web\CWebApplication.php(282): ArticlesController->run()
#4 C:\OpenServer\domains\blogs.org\www\protected\vendor\yiisoft\yii\framework\web\CWebApplication.php(141): CWebApplication->runController()
#5 C:\OpenServer\domains\blogs.org\www\protected\vendor\yiisoft\yii\framework\base\CApplication.php(180): CWebApplication->processRequest()
#6 C:\OpenServer\domains\blogs.org\index.php(13): CWebApplication->run()
REQUEST_URI=/api/articles
in C:\OpenServer\domains\blogs.org\protected\components\ApiController.php (114)
in C:\OpenServer\domains\blogs.org\protected\components\ApiController.php (148)
in C:\OpenServer\domains\blogs.org\index.php (13)
2014/09/08 01:36:39 [error] [php] Cannot modify header information - headers already sent by (output started at C:\OpenServer\domains\blogs.org\protected\components\UserValidate.php:49) (C:\OpenServer\domains\blogs.org\protected\components\ApiController.php:114)
Stack trace:
#0 C:\OpenServer\domains\blogs.org\www\protected\vendor\yiisoft\yii\framework\web\CController.php(306): ArticlesController->beforeAction()
#1 C:\OpenServer\domains\blogs.org\www\protected\vendor\yiisoft\yii\framework\web\CController.php(286): ArticlesController->runAction()
#2 C:\OpenServer\domains\blogs.org\www\protected\vendor\yiisoft\yii\framework\web\CController.php(265): ArticlesController->runActionWithFilters()
#3 C:\OpenServer\domains\blogs.org\www\protected\vendor\yiisoft\yii\framework\web\CWebApplication.php(282): ArticlesController->run()
#4 C:\OpenServer\domains\blogs.org\www\protected\vendor\yiisoft\yii\framework\web\CWebApplication.php(141): CWebApplication->runController()
#5 C:\OpenServer\domains\blogs.org\www\protected\vendor\yiisoft\yii\framework\base\CApplication.php(180): CWebApplication->processRequest()
#6 C:\OpenServer\domains\blogs.org\index.php(13): CWebApplication->run()
REQUEST_URI=/api/articles
in C:\OpenServer\domains\blogs.org\protected\components\ApiController.php (114)
in C:\OpenServer\domains\blogs.org\protected\components\ApiController.php (148)
in C:\OpenServer\domains\blogs.org\index.php (13)
2014/09/08 01:37:08 [error] [php] Cannot modify header information - headers already sent by (output started at C:\OpenServer\domains\blogs.org\protected\components\UserValidate.php:49) (C:\OpenServer\domains\blogs.org\protected\components\ApiController.php:114)
Stack trace:
#0 C:\OpenServer\domains\blogs.org\www\protected\vendor\yiisoft\yii\framework\web\CController.php(306): ArticlesController->beforeAction()
#1 C:\OpenServer\domains\blogs.org\www\protected\vendor\yiisoft\yii\framework\web\CController.php(286): ArticlesController->runAction()
#2 C:\OpenServer\domains\blogs.org\www\protected\vendor\yiisoft\yii\framework\web\CController.php(265): ArticlesController->runActionWithFilters()
#3 C:\OpenServer\domains\blogs.org\www\protected\vendor\yiisoft\yii\framework\web\CWebApplication.php(282): ArticlesController->run()
#4 C:\OpenServer\domains\blogs.org\www\protected\vendor\yiisoft\yii\framework\web\CWebApplication.php(141): CWebApplication->runController()
#5 C:\OpenServer\domains\blogs.org\www\protected\vendor\yiisoft\yii\framework\base\CApplication.php(180): CWebApplication->processRequest()
#6 C:\OpenServer\domains\blogs.org\index.php(13): CWebApplication->run()
REQUEST_URI=/api/articles
in C:\OpenServer\domains\blogs.org\protected\components\ApiController.php (114)
in C:\OpenServer\domains\blogs.org\protected\components\ApiController.php (148)
in C:\OpenServer\domains\blogs.org\index.php (13)
2014/09/08 01:49:00 [error] [php] Cannot modify header information - headers already sent by (output started at C:\OpenServer\domains\blogs.org\protected\components\UserValidate.php:50) (C:\OpenServer\domains\blogs.org\protected\components\ApiController.php:114)
Stack trace:
#0 C:\OpenServer\domains\blogs.org\www\protected\vendor\yiisoft\yii\framework\web\CController.php(306): ArticlesController->beforeAction()
#1 C:\OpenServer\domains\blogs.org\www\protected\vendor\yiisoft\yii\framework\web\CController.php(286): ArticlesController->runAction()
#2 C:\OpenServer\domains\blogs.org\www\protected\vendor\yiisoft\yii\framework\web\CController.php(265): ArticlesController->runActionWithFilters()
#3 C:\OpenServer\domains\blogs.org\www\protected\vendor\yiisoft\yii\framework\web\CWebApplication.php(282): ArticlesController->run()
#4 C:\OpenServer\domains\blogs.org\www\protected\vendor\yiisoft\yii\framework\web\CWebApplication.php(141): CWebApplication->runController()
#5 C:\OpenServer\domains\blogs.org\www\protected\vendor\yiisoft\yii\framework\base\CApplication.php(180): CWebApplication->processRequest()
#6 C:\OpenServer\domains\blogs.org\index.php(13): CWebApplication->run()
REQUEST_URI=/api/articles
in C:\OpenServer\domains\blogs.org\protected\components\ApiController.php (114)
in C:\OpenServer\domains\blogs.org\protected\components\ApiController.php (148)
in C:\OpenServer\domains\blogs.org\index.php (13)
2014/09/08 01:49:10 [error] [system.db.CDbCommand] CDbCommand::fetch() failed: SQLSTATE[HY093]: Invalid parameter number: parameter was not defined. The SQL statement executed was: SELECT * FROM `tbl_users` `t` WHERE token_api=:token LIMIT 1.
in C:\OpenServer\domains\blogs.org\protected\components\UserValidate.php (46)
in C:\OpenServer\domains\blogs.org\protected\components\ApiController.php (145)
in C:\OpenServer\domains\blogs.org\index.php (13)
2014/09/08 01:49:10 [error] [exception.CDbException] exception 'CDbException' with message 'CDbCommand failed to execute the SQL statement: SQLSTATE[HY093]: Invalid parameter number: parameter was not defined. The SQL statement executed was: SELECT * FROM `tbl_users` `t` WHERE token_api=:token LIMIT 1' in C:\OpenServer\domains\blogs.org\www\protected\vendor\yiisoft\yii\framework\db\CDbCommand.php:543
Stack trace:
#0 C:\OpenServer\domains\blogs.org\www\protected\vendor\yiisoft\yii\framework\db\CDbCommand.php(415): CDbCommand->queryInternal('fetch', Array, Array)
#1 C:\OpenServer\domains\blogs.org\www\protected\vendor\yiisoft\yii\framework\db\ar\CActiveRecord.php(1351): CDbCommand->queryRow()
#2 C:\OpenServer\domains\blogs.org\www\protected\vendor\yiisoft\yii\framework\db\ar\CActiveRecord.php(1456): CActiveRecord->query(Object(CDbCriteria))
#3 C:\OpenServer\domains\blogs.org\protected\components\UserValidate.php(46): CActiveRecord->find('token_api=:toke...', Array)
#4 C:\OpenServer\domains\blogs.org\protected\components\ApiController.php(145): UserValidate->AuthByToken()
#5 C:\OpenServer\domains\blogs.org\www\protected\vendor\yiisoft\yii\framework\web\CController.php(306): ApiController->beforeAction(Object(CInlineAction))
#6 C:\OpenServer\domains\blogs.org\www\protected\vendor\yiisoft\yii\framework\web\CController.php(286): CController->runAction(Object(CInlineAction))
#7 C:\OpenServer\domains\blogs.org\www\protected\vendor\yiisoft\yii\framework\web\CController.php(265): CController->runActionWithFilters(Object(CInlineAction), Array)
#8 C:\OpenServer\domains\blogs.org\www\protected\vendor\yiisoft\yii\framework\web\CWebApplication.php(282): CController->run('')
#9 C:\OpenServer\domains\blogs.org\www\protected\vendor\yiisoft\yii\framework\web\CWebApplication.php(141): CWebApplication->runController('api/articles')
#10 C:\OpenServer\domains\blogs.org\www\protected\vendor\yiisoft\yii\framework\base\CApplication.php(180): CWebApplication->processRequest()
#11 C:\OpenServer\domains\blogs.org\index.php(13): CApplication->run()
#12 {main}
REQUEST_URI=/api/articles
---
2014/09/08 01:49:24 [error] [php] Cannot modify header information - headers already sent by (output started at C:\OpenServer\domains\blogs.org\protected\components\UserValidate.php:50) (C:\OpenServer\domains\blogs.org\protected\components\ApiController.php:114)
Stack trace:
#0 C:\OpenServer\domains\blogs.org\www\protected\vendor\yiisoft\yii\framework\web\CController.php(306): ArticlesController->beforeAction()
#1 C:\OpenServer\domains\blogs.org\www\protected\vendor\yiisoft\yii\framework\web\CController.php(286): ArticlesController->runAction()
#2 C:\OpenServer\domains\blogs.org\www\protected\vendor\yiisoft\yii\framework\web\CController.php(265): ArticlesController->runActionWithFilters()
#3 C:\OpenServer\domains\blogs.org\www\protected\vendor\yiisoft\yii\framework\web\CWebApplication.php(282): ArticlesController->run()
#4 C:\OpenServer\domains\blogs.org\www\protected\vendor\yiisoft\yii\framework\web\CWebApplication.php(141): CWebApplication->runController()
#5 C:\OpenServer\domains\blogs.org\www\protected\vendor\yiisoft\yii\framework\base\CApplication.php(180): CWebApplication->processRequest()
#6 C:\OpenServer\domains\blogs.org\index.php(13): CWebApplication->run()
REQUEST_URI=/api/articles
in C:\OpenServer\domains\blogs.org\protected\components\ApiController.php (114)
in C:\OpenServer\domains\blogs.org\protected\components\ApiController.php (148)
in C:\OpenServer\domains\blogs.org\index.php (13)
2014/09/08 01:49:26 [error] [php] Cannot modify header information - headers already sent by (output started at C:\OpenServer\domains\blogs.org\protected\components\UserValidate.php:50) (C:\OpenServer\domains\blogs.org\protected\components\ApiController.php:114)
Stack trace:
#0 C:\OpenServer\domains\blogs.org\www\protected\vendor\yiisoft\yii\framework\web\CController.php(306): ArticlesController->beforeAction()
#1 C:\OpenServer\domains\blogs.org\www\protected\vendor\yiisoft\yii\framework\web\CController.php(286): ArticlesController->runAction()
#2 C:\OpenServer\domains\blogs.org\www\protected\vendor\yiisoft\yii\framework\web\CController.php(265): ArticlesController->runActionWithFilters()
#3 C:\OpenServer\domains\blogs.org\www\protected\vendor\yiisoft\yii\framework\web\CWebApplication.php(282): ArticlesController->run()
#4 C:\OpenServer\domains\blogs.org\www\protected\vendor\yiisoft\yii\framework\web\CWebApplication.php(141): CWebApplication->runController()
#5 C:\OpenServer\domains\blogs.org\www\protected\vendor\yiisoft\yii\framework\base\CApplication.php(180): CWebApplication->processRequest()
#6 C:\OpenServer\domains\blogs.org\index.php(13): CWebApplication->run()
REQUEST_URI=/api/articles
in C:\OpenServer\domains\blogs.org\protected\components\ApiController.php (114)
in C:\OpenServer\domains\blogs.org\protected\components\ApiController.php (148)
in C:\OpenServer\domains\blogs.org\index.php (13)
2014/09/08 01:49:55 [error] [php] Cannot modify header information - headers already sent by (output started at C:\OpenServer\domains\blogs.org\protected\components\UserValidate.php:50) (C:\OpenServer\domains\blogs.org\protected\components\ApiController.php:114)
Stack trace:
#0 C:\OpenServer\domains\blogs.org\www\protected\vendor\yiisoft\yii\framework\web\CController.php(306): ArticlesController->beforeAction()
#1 C:\OpenServer\domains\blogs.org\www\protected\vendor\yiisoft\yii\framework\web\CController.php(286): ArticlesController->runAction()
#2 C:\OpenServer\domains\blogs.org\www\protected\vendor\yiisoft\yii\framework\web\CController.php(265): ArticlesController->runActionWithFilters()
#3 C:\OpenServer\domains\blogs.org\www\protected\vendor\yiisoft\yii\framework\web\CWebApplication.php(282): ArticlesController->run()
#4 C:\OpenServer\domains\blogs.org\www\protected\vendor\yiisoft\yii\framework\web\CWebApplication.php(141): CWebApplication->runController()
#5 C:\OpenServer\domains\blogs.org\www\protected\vendor\yiisoft\yii\framework\base\CApplication.php(180): CWebApplication->processRequest()
#6 C:\OpenServer\domains\blogs.org\index.php(13): CWebApplication->run()
REQUEST_URI=/api/articles
in C:\OpenServer\domains\blogs.org\protected\components\ApiController.php (114)
in C:\OpenServer\domains\blogs.org\protected\components\ApiController.php (148)
in C:\OpenServer\domains\blogs.org\index.php (13)
2014/09/08 01:50:17 [error] [php] Cannot modify header information - headers already sent by (output started at C:\OpenServer\domains\blogs.org\protected\components\UserValidate.php:50) (C:\OpenServer\domains\blogs.org\protected\components\ApiController.php:114)
Stack trace:
#0 C:\OpenServer\domains\blogs.org\www\protected\vendor\yiisoft\yii\framework\web\CController.php(306): ArticlesController->beforeAction()
#1 C:\OpenServer\domains\blogs.org\www\protected\vendor\yiisoft\yii\framework\web\CController.php(286): ArticlesController->runAction()
#2 C:\OpenServer\domains\blogs.org\www\protected\vendor\yiisoft\yii\framework\web\CController.php(265): ArticlesController->runActionWithFilters()
#3 C:\OpenServer\domains\blogs.org\www\protected\vendor\yiisoft\yii\framework\web\CWebApplication.php(282): ArticlesController->run()
#4 C:\OpenServer\domains\blogs.org\www\protected\vendor\yiisoft\yii\framework\web\CWebApplication.php(141): CWebApplication->runController()
#5 C:\OpenServer\domains\blogs.org\www\protected\vendor\yiisoft\yii\framework\base\CApplication.php(180): CWebApplication->processRequest()
#6 C:\OpenServer\domains\blogs.org\index.php(13): CWebApplication->run()
REQUEST_URI=/api/articles
in C:\OpenServer\domains\blogs.org\protected\components\ApiController.php (114)
in C:\OpenServer\domains\blogs.org\protected\components\ApiController.php (148)
in C:\OpenServer\domains\blogs.org\index.php (13)
2014/09/08 01:50:33 [error] [php] Cannot modify header information - headers already sent by (output started at C:\OpenServer\domains\blogs.org\protected\components\UserValidate.php:50) (C:\OpenServer\domains\blogs.org\protected\components\ApiController.php:114)
Stack trace:
#0 C:\OpenServer\domains\blogs.org\www\protected\vendor\yiisoft\yii\framework\web\CController.php(306): ArticlesController->beforeAction()
#1 C:\OpenServer\domains\blogs.org\www\protected\vendor\yiisoft\yii\framework\web\CController.php(286): ArticlesController->runAction()
#2 C:\OpenServer\domains\blogs.org\www\protected\vendor\yiisoft\yii\framework\web\CController.php(265): ArticlesController->runActionWithFilters()
#3 C:\OpenServer\domains\blogs.org\www\protected\vendor\yiisoft\yii\framework\web\CWebApplication.php(282): ArticlesController->run()
#4 C:\OpenServer\domains\blogs.org\www\protected\vendor\yiisoft\yii\framework\web\CWebApplication.php(141): CWebApplication->runController()
#5 C:\OpenServer\domains\blogs.org\www\protected\vendor\yiisoft\yii\framework\base\CApplication.php(180): CWebApplication->processRequest()
#6 C:\OpenServer\domains\blogs.org\index.php(13): CWebApplication->run()
REQUEST_URI=/api/articles
in C:\OpenServer\domains\blogs.org\protected\components\ApiController.php (114)
in C:\OpenServer\domains\blogs.org\protected\components\ApiController.php (148)
in C:\OpenServer\domains\blogs.org\index.php (13)
2014/09/08 01:51:08 [error] [php] Cannot modify header information - headers already sent by (output started at C:\OpenServer\domains\blogs.org\protected\components\UserValidate.php:50) (C:\OpenServer\domains\blogs.org\protected\components\ApiController.php:114)
Stack trace:
#0 C:\OpenServer\domains\blogs.org\www\protected\vendor\yiisoft\yii\framework\web\CController.php(306): ArticlesController->beforeAction()
#1 C:\OpenServer\domains\blogs.org\www\protected\vendor\yiisoft\yii\framework\web\CController.php(286): ArticlesController->runAction()
#2 C:\OpenServer\domains\blogs.org\www\protected\vendor\yiisoft\yii\framework\web\CController.php(265): ArticlesController->runActionWithFilters()
#3 C:\OpenServer\domains\blogs.org\www\protected\vendor\yiisoft\yii\framework\web\CWebApplication.php(282): ArticlesController->run()
#4 C:\OpenServer\domains\blogs.org\www\protected\vendor\yiisoft\yii\framework\web\CWebApplication.php(141): CWebApplication->runController()
#5 C:\OpenServer\domains\blogs.org\www\protected\vendor\yiisoft\yii\framework\base\CApplication.php(180): CWebApplication->processRequest()
#6 C:\OpenServer\domains\blogs.org\index.php(13): CWebApplication->run()
REQUEST_URI=/api/articles
in C:\OpenServer\domains\blogs.org\protected\components\ApiController.php (114)
in C:\OpenServer\domains\blogs.org\protected\components\ApiController.php (148)
in C:\OpenServer\domains\blogs.org\index.php (13)
2014/09/08 01:51:29 [error] [php] Cannot modify header information - headers already sent by (output started at C:\OpenServer\domains\blogs.org\protected\components\UserValidate.php:50) (C:\OpenServer\domains\blogs.org\protected\components\ApiController.php:114)
Stack trace:
#0 C:\OpenServer\domains\blogs.org\www\protected\vendor\yiisoft\yii\framework\web\CController.php(306): ArticlesController->beforeAction()
#1 C:\OpenServer\domains\blogs.org\www\protected\vendor\yiisoft\yii\framework\web\CController.php(286): ArticlesController->runAction()
#2 C:\OpenServer\domains\blogs.org\www\protected\vendor\yiisoft\yii\framework\web\CController.php(265): ArticlesController->runActionWithFilters()
#3 C:\OpenServer\domains\blogs.org\www\protected\vendor\yiisoft\yii\framework\web\CWebApplication.php(282): ArticlesController->run()
#4 C:\OpenServer\domains\blogs.org\www\protected\vendor\yiisoft\yii\framework\web\CWebApplication.php(141): CWebApplication->runController()
#5 C:\OpenServer\domains\blogs.org\www\protected\vendor\yiisoft\yii\framework\base\CApplication.php(180): CWebApplication->processRequest()
#6 C:\OpenServer\domains\blogs.org\index.php(13): CWebApplication->run()
REQUEST_URI=/api/articles
in C:\OpenServer\domains\blogs.org\protected\components\ApiController.php (114)
in C:\OpenServer\domains\blogs.org\protected\components\ApiController.php (148)
in C:\OpenServer\domains\blogs.org\index.php (13)
2014/09/08 01:51:42 [error] [php] Cannot modify header information - headers already sent by (output started at C:\OpenServer\domains\blogs.org\protected\components\UserValidate.php:50) (C:\OpenServer\domains\blogs.org\protected\components\ApiController.php:114)
Stack trace:
#0 C:\OpenServer\domains\blogs.org\www\protected\vendor\yiisoft\yii\framework\web\CController.php(306): ArticlesController->beforeAction()
#1 C:\OpenServer\domains\blogs.org\www\protected\vendor\yiisoft\yii\framework\web\CController.php(286): ArticlesController->runAction()
#2 C:\OpenServer\domains\blogs.org\www\protected\vendor\yiisoft\yii\framework\web\CController.php(265): ArticlesController->runActionWithFilters()
#3 C:\OpenServer\domains\blogs.org\www\protected\vendor\yiisoft\yii\framework\web\CWebApplication.php(282): ArticlesController->run()
#4 C:\OpenServer\domains\blogs.org\www\protected\vendor\yiisoft\yii\framework\web\CWebApplication.php(141): CWebApplication->runController()
#5 C:\OpenServer\domains\blogs.org\www\protected\vendor\yiisoft\yii\framework\base\CApplication.php(180): CWebApplication->processRequest()
#6 C:\OpenServer\domains\blogs.org\index.php(13): CWebApplication->run()
REQUEST_URI=/api/articles
in C:\OpenServer\domains\blogs.org\protected\components\ApiController.php (114)
in C:\OpenServer\domains\blogs.org\protected\components\ApiController.php (148)
in C:\OpenServer\domains\blogs.org\index.php (13)
2014/09/08 01:51:56 [error] [php] Cannot modify header information - headers already sent by (output started at C:\OpenServer\domains\blogs.org\protected\components\UserValidate.php:50) (C:\OpenServer\domains\blogs.org\protected\components\ApiController.php:114)
Stack trace:
#0 C:\OpenServer\domains\blogs.org\www\protected\vendor\yiisoft\yii\framework\web\CController.php(306): ArticlesController->beforeAction()
#1 C:\OpenServer\domains\blogs.org\www\protected\vendor\yiisoft\yii\framework\web\CController.php(286): ArticlesController->runAction()
#2 C:\OpenServer\domains\blogs.org\www\protected\vendor\yiisoft\yii\framework\web\CController.php(265): ArticlesController->runActionWithFilters()
#3 C:\OpenServer\domains\blogs.org\www\protected\vendor\yiisoft\yii\framework\web\CWebApplication.php(282): ArticlesController->run()
#4 C:\OpenServer\domains\blogs.org\www\protected\vendor\yiisoft\yii\framework\web\CWebApplication.php(141): CWebApplication->runController()
#5 C:\OpenServer\domains\blogs.org\www\protected\vendor\yiisoft\yii\framework\base\CApplication.php(180): CWebApplication->processRequest()
#6 C:\OpenServer\domains\blogs.org\index.php(13): CWebApplication->run()
REQUEST_URI=/api/articles
in C:\OpenServer\domains\blogs.org\protected\components\ApiController.php (114)
in C:\OpenServer\domains\blogs.org\protected\components\ApiController.php (148)
in C:\OpenServer\domains\blogs.org\index.php (13)
2014/09/08 02:05:56 [error] [php] Cannot modify header information - headers already sent by (output started at C:\OpenServer\domains\blogs.org\protected\components\UserValidate.php:53) (C:\OpenServer\domains\blogs.org\protected\components\ApiController.php:114)
Stack trace:
#0 C:\OpenServer\domains\blogs.org\www\protected\vendor\yiisoft\yii\framework\web\CController.php(306): ArticlesController->beforeAction()
#1 C:\OpenServer\domains\blogs.org\www\protected\vendor\yiisoft\yii\framework\web\CController.php(286): ArticlesController->runAction()
#2 C:\OpenServer\domains\blogs.org\www\protected\vendor\yiisoft\yii\framework\web\CController.php(265): ArticlesController->runActionWithFilters()
#3 C:\OpenServer\domains\blogs.org\www\protected\vendor\yiisoft\yii\framework\web\CWebApplication.php(282): ArticlesController->run()
#4 C:\OpenServer\domains\blogs.org\www\protected\vendor\yiisoft\yii\framework\web\CWebApplication.php(141): CWebApplication->runController()
#5 C:\OpenServer\domains\blogs.org\www\protected\vendor\yiisoft\yii\framework\base\CApplication.php(180): CWebApplication->processRequest()
#6 C:\OpenServer\domains\blogs.org\index.php(13): CWebApplication->run()
REQUEST_URI=/api/articles
in C:\OpenServer\domains\blogs.org\protected\components\ApiController.php (114)
in C:\OpenServer\domains\blogs.org\protected\components\ApiController.php (148)
in C:\OpenServer\domains\blogs.org\index.php (13)
2014/09/08 02:06:19 [error] [php] Cannot modify header information - headers already sent by (output started at C:\OpenServer\domains\blogs.org\protected\components\UserValidate.php:50) (C:\OpenServer\domains\blogs.org\protected\components\ApiController.php:114)
Stack trace:
#0 C:\OpenServer\domains\blogs.org\www\protected\vendor\yiisoft\yii\framework\web\CController.php(306): ArticlesController->beforeAction()
#1 C:\OpenServer\domains\blogs.org\www\protected\vendor\yiisoft\yii\framework\web\CController.php(286): ArticlesController->runAction()
#2 C:\OpenServer\domains\blogs.org\www\protected\vendor\yiisoft\yii\framework\web\CController.php(265): ArticlesController->runActionWithFilters()
#3 C:\OpenServer\domains\blogs.org\www\protected\vendor\yiisoft\yii\framework\web\CWebApplication.php(282): ArticlesController->run()
#4 C:\OpenServer\domains\blogs.org\www\protected\vendor\yiisoft\yii\framework\web\CWebApplication.php(141): CWebApplication->runController()
#5 C:\OpenServer\domains\blogs.org\www\protected\vendor\yiisoft\yii\framework\base\CApplication.php(180): CWebApplication->processRequest()
#6 C:\OpenServer\domains\blogs.org\index.php(13): CWebApplication->run()
REQUEST_URI=/api/articles
in C:\OpenServer\domains\blogs.org\protected\components\ApiController.php (114)
in C:\OpenServer\domains\blogs.org\protected\components\ApiController.php (148)
in C:\OpenServer\domains\blogs.org\index.php (13)
2014/09/08 02:07:10 [error] [php] Cannot modify header information - headers already sent by (output started at C:\OpenServer\domains\blogs.org\protected\components\UserValidate.php:53) (C:\OpenServer\domains\blogs.org\protected\components\ApiController.php:114)
Stack trace:
#0 C:\OpenServer\domains\blogs.org\www\protected\vendor\yiisoft\yii\framework\web\CController.php(306): ArticlesController->beforeAction()
#1 C:\OpenServer\domains\blogs.org\www\protected\vendor\yiisoft\yii\framework\web\CController.php(286): ArticlesController->runAction()
#2 C:\OpenServer\domains\blogs.org\www\protected\vendor\yiisoft\yii\framework\web\CController.php(265): ArticlesController->runActionWithFilters()
#3 C:\OpenServer\domains\blogs.org\www\protected\vendor\yiisoft\yii\framework\web\CWebApplication.php(282): ArticlesController->run()
#4 C:\OpenServer\domains\blogs.org\www\protected\vendor\yiisoft\yii\framework\web\CWebApplication.php(141): CWebApplication->runController()
#5 C:\OpenServer\domains\blogs.org\www\protected\vendor\yiisoft\yii\framework\base\CApplication.php(180): CWebApplication->processRequest()
#6 C:\OpenServer\domains\blogs.org\index.php(13): CWebApplication->run()
REQUEST_URI=/api/articles
in C:\OpenServer\domains\blogs.org\protected\components\ApiController.php (114)
in C:\OpenServer\domains\blogs.org\protected\components\ApiController.php (148)
in C:\OpenServer\domains\blogs.org\index.php (13)
2014/09/08 02:07:23 [error] [php] Cannot modify header information - headers already sent by (output started at C:\OpenServer\domains\blogs.org\protected\components\UserValidate.php:50) (C:\OpenServer\domains\blogs.org\protected\components\ApiController.php:114)
Stack trace:
#0 C:\OpenServer\domains\blogs.org\www\protected\vendor\yiisoft\yii\framework\web\CController.php(306): ArticlesController->beforeAction()
#1 C:\OpenServer\domains\blogs.org\www\protected\vendor\yiisoft\yii\framework\web\CController.php(286): ArticlesController->runAction()
#2 C:\OpenServer\domains\blogs.org\www\protected\vendor\yiisoft\yii\framework\web\CController.php(265): ArticlesController->runActionWithFilters()
#3 C:\OpenServer\domains\blogs.org\www\protected\vendor\yiisoft\yii\framework\web\CWebApplication.php(282): ArticlesController->run()
#4 C:\OpenServer\domains\blogs.org\www\protected\vendor\yiisoft\yii\framework\web\CWebApplication.php(141): CWebApplication->runController()
#5 C:\OpenServer\domains\blogs.org\www\protected\vendor\yiisoft\yii\framework\base\CApplication.php(180): CWebApplication->processRequest()
#6 C:\OpenServer\domains\blogs.org\index.php(13): CWebApplication->run()
REQUEST_URI=/api/articles
in C:\OpenServer\domains\blogs.org\protected\components\ApiController.php (114)
in C:\OpenServer\domains\blogs.org\protected\components\ApiController.php (148)
in C:\OpenServer\domains\blogs.org\index.php (13)
2014/09/08 02:11:31 [error] [php] Cannot modify header information - headers already sent by (output started at C:\OpenServer\domains\blogs.org\protected\controllers\API\ArticlesController.php:12) (C:\OpenServer\domains\blogs.org\protected\components\ApiController.php:114)
Stack trace:
#0 C:\OpenServer\domains\blogs.org\www\protected\vendor\yiisoft\yii\framework\web\actions\CInlineAction.php(49): ArticlesController->actionIndex()
#1 C:\OpenServer\domains\blogs.org\www\protected\vendor\yiisoft\yii\framework\web\CController.php(308): CInlineAction->runWithParams()
#2 C:\OpenServer\domains\blogs.org\www\protected\vendor\yiisoft\yii\framework\web\CController.php(286): ArticlesController->runAction()
#3 C:\OpenServer\domains\blogs.org\www\protected\vendor\yiisoft\yii\framework\web\CController.php(265): ArticlesController->runActionWithFilters()
#4 C:\OpenServer\domains\blogs.org\www\protected\vendor\yiisoft\yii\framework\web\CWebApplication.php(282): ArticlesController->run()
#5 C:\OpenServer\domains\blogs.org\www\protected\vendor\yiisoft\yii\framework\web\CWebApplication.php(141): CWebApplication->runController()
#6 C:\OpenServer\domains\blogs.org\www\protected\vendor\yiisoft\yii\framework\base\CApplication.php(180): CWebApplication->processRequest()
#7 C:\OpenServer\domains\blogs.org\index.php(13): CWebApplication->run()
REQUEST_URI=/api/articles
in C:\OpenServer\domains\blogs.org\protected\components\ApiController.php (114)
in C:\OpenServer\domains\blogs.org\protected\controllers\API\ArticlesController.php (18)
in C:\OpenServer\domains\blogs.org\index.php (13)
2014/09/08 02:15:12 [error] [php] session_regenerate_id() [<a href='function.session-regenerate-id'>function.session-regenerate-id</a>]: Cannot regenerate session id - headers already sent (C:\OpenServer\domains\blogs.org\www\protected\vendor\yiisoft\yii\framework\web\CHttpSession.php:181)
Stack trace:
#0 C:\OpenServer\domains\blogs.org\www\protected\vendor\yiisoft\yii\framework\web\auth\CWebUser.php(233): CWebUser->changeIdentity()
#1 C:\OpenServer\domains\blogs.org\protected\components\UserValidate.php(49): CWebUser->login()
#2 C:\OpenServer\domains\blogs.org\protected\components\ApiController.php(146): UserValidate->AuthByToken()
#3 C:\OpenServer\domains\blogs.org\www\protected\vendor\yiisoft\yii\framework\web\CController.php(306): ArticlesController->beforeAction()
#4 C:\OpenServer\domains\blogs.org\www\protected\vendor\yiisoft\yii\framework\web\CController.php(286): ArticlesController->runAction()
#5 C:\OpenServer\domains\blogs.org\www\protected\vendor\yiisoft\yii\framework\web\CController.php(265): ArticlesController->runActionWithFilters()
#6 C:\OpenServer\domains\blogs.org\www\protected\vendor\yiisoft\yii\framework\web\CWebApplication.php(282): ArticlesController->run()
#7 C:\OpenServer\domains\blogs.org\www\protected\vendor\yiisoft\yii\framework\web\CWebApplication.php(141): CWebApplication->runController()
#8 C:\OpenServer\domains\blogs.org\www\protected\vendor\yiisoft\yii\framework\base\CApplication.php(180): CWebApplication->processRequest()
#9 C:\OpenServer\domains\blogs.org\index.php(13): CWebApplication->run()
REQUEST_URI=/api/articles
in C:\OpenServer\domains\blogs.org\protected\components\UserValidate.php (49)
in C:\OpenServer\domains\blogs.org\protected\components\ApiController.php (146)
in C:\OpenServer\domains\blogs.org\index.php (13)
2014/09/08 02:15:32 [error] [php] session_regenerate_id() [<a href='function.session-regenerate-id'>function.session-regenerate-id</a>]: Cannot regenerate session id - headers already sent (C:\OpenServer\domains\blogs.org\www\protected\vendor\yiisoft\yii\framework\web\CHttpSession.php:181)
Stack trace:
#0 C:\OpenServer\domains\blogs.org\www\protected\vendor\yiisoft\yii\framework\web\auth\CWebUser.php(233): CWebUser->changeIdentity()
#1 C:\OpenServer\domains\blogs.org\protected\components\UserValidate.php(49): CWebUser->login()
#2 C:\OpenServer\domains\blogs.org\protected\components\ApiController.php(146): UserValidate->AuthByToken()
#3 C:\OpenServer\domains\blogs.org\www\protected\vendor\yiisoft\yii\framework\web\CController.php(306): ArticlesController->beforeAction()
#4 C:\OpenServer\domains\blogs.org\www\protected\vendor\yiisoft\yii\framework\web\CController.php(286): ArticlesController->runAction()
#5 C:\OpenServer\domains\blogs.org\www\protected\vendor\yiisoft\yii\framework\web\CController.php(265): ArticlesController->runActionWithFilters()
#6 C:\OpenServer\domains\blogs.org\www\protected\vendor\yiisoft\yii\framework\web\CWebApplication.php(282): ArticlesController->run()
#7 C:\OpenServer\domains\blogs.org\www\protected\vendor\yiisoft\yii\framework\web\CWebApplication.php(141): CWebApplication->runController()
#8 C:\OpenServer\domains\blogs.org\www\protected\vendor\yiisoft\yii\framework\base\CApplication.php(180): CWebApplication->processRequest()
#9 C:\OpenServer\domains\blogs.org\index.php(13): CWebApplication->run()
REQUEST_URI=/api/articles
in C:\OpenServer\domains\blogs.org\protected\components\UserValidate.php (49)
in C:\OpenServer\domains\blogs.org\protected\components\ApiController.php (146)
in C:\OpenServer\domains\blogs.org\index.php (13)
2014/09/08 02:16:47 [error] [php] session_regenerate_id() [<a href='function.session-regenerate-id'>function.session-regenerate-id</a>]: Cannot regenerate session id - headers already sent (C:\OpenServer\domains\blogs.org\www\protected\vendor\yiisoft\yii\framework\web\CHttpSession.php:181)
Stack trace:
#0 C:\OpenServer\domains\blogs.org\www\protected\vendor\yiisoft\yii\framework\web\auth\CWebUser.php(233): CWebUser->changeIdentity()
#1 C:\OpenServer\domains\blogs.org\protected\components\UserValidate.php(50): CWebUser->login()
#2 C:\OpenServer\domains\blogs.org\protected\components\ApiController.php(145): UserValidate->AuthByToken()
#3 C:\OpenServer\domains\blogs.org\www\protected\vendor\yiisoft\yii\framework\web\CController.php(306): ArticlesController->beforeAction()
#4 C:\OpenServer\domains\blogs.org\www\protected\vendor\yiisoft\yii\framework\web\CController.php(286): ArticlesController->runAction()
#5 C:\OpenServer\domains\blogs.org\www\protected\vendor\yiisoft\yii\framework\web\CController.php(265): ArticlesController->runActionWithFilters()
#6 C:\OpenServer\domains\blogs.org\www\protected\vendor\yiisoft\yii\framework\web\CWebApplication.php(282): ArticlesController->run()
#7 C:\OpenServer\domains\blogs.org\www\protected\vendor\yiisoft\yii\framework\web\CWebApplication.php(141): CWebApplication->runController()
#8 C:\OpenServer\domains\blogs.org\www\protected\vendor\yiisoft\yii\framework\base\CApplication.php(180): CWebApplication->processRequest()
#9 C:\OpenServer\domains\blogs.org\index.php(13): CWebApplication->run()
REQUEST_URI=/api/articles
in C:\OpenServer\domains\blogs.org\protected\components\UserValidate.php (50)
in C:\OpenServer\domains\blogs.org\protected\components\ApiController.php (145)
in C:\OpenServer\domains\blogs.org\index.php (13)
2014/09/08 02:17:38 [error] [php] session_regenerate_id() [<a href='function.session-regenerate-id'>function.session-regenerate-id</a>]: Cannot regenerate session id - headers already sent (C:\OpenServer\domains\blogs.org\www\protected\vendor\yiisoft\yii\framework\web\CHttpSession.php:181)
Stack trace:
#0 C:\OpenServer\domains\blogs.org\www\protected\vendor\yiisoft\yii\framework\web\auth\CWebUser.php(233): CWebUser->changeIdentity()
#1 C:\OpenServer\domains\blogs.org\protected\components\UserValidate.php(50): CWebUser->login()
#2 C:\OpenServer\domains\blogs.org\protected\components\ApiController.php(145): UserValidate->AuthByToken()
#3 C:\OpenServer\domains\blogs.org\www\protected\vendor\yiisoft\yii\framework\web\CController.php(306): ArticlesController->beforeAction()
#4 C:\OpenServer\domains\blogs.org\www\protected\vendor\yiisoft\yii\framework\web\CController.php(286): ArticlesController->runAction()
#5 C:\OpenServer\domains\blogs.org\www\protected\vendor\yiisoft\yii\framework\web\CController.php(265): ArticlesController->runActionWithFilters()
#6 C:\OpenServer\domains\blogs.org\www\protected\vendor\yiisoft\yii\framework\web\CWebApplication.php(282): ArticlesController->run()
#7 C:\OpenServer\domains\blogs.org\www\protected\vendor\yiisoft\yii\framework\web\CWebApplication.php(141): CWebApplication->runController()
#8 C:\OpenServer\domains\blogs.org\www\protected\vendor\yiisoft\yii\framework\base\CApplication.php(180): CWebApplication->processRequest()
#9 C:\OpenServer\domains\blogs.org\index.php(13): CWebApplication->run()
REQUEST_URI=/api/articles
in C:\OpenServer\domains\blogs.org\protected\components\UserValidate.php (50)
in C:\OpenServer\domains\blogs.org\protected\components\ApiController.php (145)
in C:\OpenServer\domains\blogs.org\index.php (13)
2014/09/08 02:19:13 [error] [php] session_regenerate_id() [<a href='function.session-regenerate-id'>function.session-regenerate-id</a>]: Cannot regenerate session id - headers already sent (C:\OpenServer\domains\blogs.org\www\protected\vendor\yiisoft\yii\framework\web\CHttpSession.php:181)
Stack trace:
#0 C:\OpenServer\domains\blogs.org\www\protected\vendor\yiisoft\yii\framework\web\auth\CWebUser.php(233): CWebUser->changeIdentity()
#1 C:\OpenServer\domains\blogs.org\protected\components\UserValidate.php(49): CWebUser->login()
#2 C:\OpenServer\domains\blogs.org\protected\components\ApiController.php(145): UserValidate->AuthByToken()
#3 C:\OpenServer\domains\blogs.org\www\protected\vendor\yiisoft\yii\framework\web\CController.php(306): ArticlesController->beforeAction()
#4 C:\OpenServer\domains\blogs.org\www\protected\vendor\yiisoft\yii\framework\web\CController.php(286): ArticlesController->runAction()
#5 C:\OpenServer\domains\blogs.org\www\protected\vendor\yiisoft\yii\framework\web\CController.php(265): ArticlesController->runActionWithFilters()
#6 C:\OpenServer\domains\blogs.org\www\protected\vendor\yiisoft\yii\framework\web\CWebApplication.php(282): ArticlesController->run()
#7 C:\OpenServer\domains\blogs.org\www\protected\vendor\yiisoft\yii\framework\web\CWebApplication.php(141): CWebApplication->runController()
#8 C:\OpenServer\domains\blogs.org\www\protected\vendor\yiisoft\yii\framework\base\CApplication.php(180): CWebApplication->processRequest()
#9 C:\OpenServer\domains\blogs.org\index.php(13): CWebApplication->run()
REQUEST_URI=/api/articles
in C:\OpenServer\domains\blogs.org\protected\components\UserValidate.php (49)
in C:\OpenServer\domains\blogs.org\protected\components\ApiController.php (145)
in C:\OpenServer\domains\blogs.org\index.php (13)
2014/09/08 02:22:49 [error] [php] Cannot modify header information - headers already sent by (output started at C:\OpenServer\domains\blogs.org\protected\components\ApiController.php:147) (C:\OpenServer\domains\blogs.org\protected\components\ApiController.php:114)
Stack trace:
#0 C:\OpenServer\domains\blogs.org\www\protected\vendor\yiisoft\yii\framework\web\CController.php(306): ArticlesController->beforeAction()
#1 C:\OpenServer\domains\blogs.org\www\protected\vendor\yiisoft\yii\framework\web\CController.php(286): ArticlesController->runAction()
#2 C:\OpenServer\domains\blogs.org\www\protected\vendor\yiisoft\yii\framework\web\CController.php(265): ArticlesController->runActionWithFilters()
#3 C:\OpenServer\domains\blogs.org\www\protected\vendor\yiisoft\yii\framework\web\CWebApplication.php(282): ArticlesController->run()
#4 C:\OpenServer\domains\blogs.org\www\protected\vendor\yiisoft\yii\framework\web\CWebApplication.php(141): CWebApplication->runController()
#5 C:\OpenServer\domains\blogs.org\www\protected\vendor\yiisoft\yii\framework\base\CApplication.php(180): CWebApplication->processRequest()
#6 C:\OpenServer\domains\blogs.org\index.php(13): CWebApplication->run()
REQUEST_URI=/api/articles
in C:\OpenServer\domains\blogs.org\protected\components\ApiController.php (114)
in C:\OpenServer\domains\blogs.org\protected\components\ApiController.php (149)
in C:\OpenServer\domains\blogs.org\index.php (13)
2014/09/08 02:24:08 [error] [php] Cannot modify header information - headers already sent by (output started at C:\OpenServer\domains\blogs.org\protected\components\ApiController.php:147) (C:\OpenServer\domains\blogs.org\protected\components\ApiController.php:114)
Stack trace:
#0 C:\OpenServer\domains\blogs.org\www\protected\vendor\yiisoft\yii\framework\web\CController.php(306): ArticlesController->beforeAction()
#1 C:\OpenServer\domains\blogs.org\www\protected\vendor\yiisoft\yii\framework\web\CController.php(286): ArticlesController->runAction()
#2 C:\OpenServer\domains\blogs.org\www\protected\vendor\yiisoft\yii\framework\web\CController.php(265): ArticlesController->runActionWithFilters()
#3 C:\OpenServer\domains\blogs.org\www\protected\vendor\yiisoft\yii\framework\web\CWebApplication.php(282): ArticlesController->run()
#4 C:\OpenServer\domains\blogs.org\www\protected\vendor\yiisoft\yii\framework\web\CWebApplication.php(141): CWebApplication->runController()
#5 C:\OpenServer\domains\blogs.org\www\protected\vendor\yiisoft\yii\framework\base\CApplication.php(180): CWebApplication->processRequest()
#6 C:\OpenServer\domains\blogs.org\index.php(13): CWebApplication->run()
REQUEST_URI=/api/articles
in C:\OpenServer\domains\blogs.org\protected\components\ApiController.php (114)
in C:\OpenServer\domains\blogs.org\protected\components\ApiController.php (149)
in C:\OpenServer\domains\blogs.org\index.php (13)
